$ vite dev

  VITE v7.1.3  ready in 473 ms

  ➜  Local:   http://localhost:5173/
  ➜  Network: use --host to expose

[1;31m[404] GET /favicon.ico[0m

[1;31m[404] GET /favicon.ico[0m
9:34:15 PM [vite] (client) hmr update /src/routes/(app)/onboarding/+page.svelte, /src/lib/app.css
9:34:15 PM [vite] (ssr) page reload src/routes/(app)/onboarding/+page.svelte
9:34:41 PM [vite] (client) page reload .svelte-kit/generated/client/app.js
9:34:56 PM [vite] (ssr) Error when evaluating SSR module /src/routes/test-remote/+page.svelte: src/routes/test-remote/+page.svelte:5:14 Cannot use rune without parentheses
https://svelte.dev/e/rune_missing_parentheses
  Plugin: vite-plugin-svelte:compile
  File: src/routes/test-remote/+page.svelte:5:14
   3 |    import { onMount } from 'svelte';
   4 |    
   5 |    let result = $state<any>(null);
                             ^
   6 |    let error = $state<string | null>(null);
   7 |    

[1;31m[500] GET /test-remote[0m

9:35:03 PM [vite] (ssr) page reload src/routes/test-remote/+page.svelte
9:35:07 PM [vite] (ssr) Error when evaluating SSR module /src/routes/test-remote/+page.svelte: src/routes/test-remote/+page.svelte:6:13 Cannot use rune without parentheses
https://svelte.dev/e/rune_missing_parentheses
  Plugin: vite-plugin-svelte:compile
  File: src/routes/test-remote/+page.svelte:6:13
   4 |    
   5 |    let result = $state(null);
   6 |    let error = $state<string | null>(null);
                            ^
   7 |    
   8 |    onMount(async () => {

[1;31m[500] GET /test-remote[0m

9:35:13 PM [vite] (ssr) page reload src/routes/test-remote/+page.svelte
9:36:50 PM [vite] (ssr) page reload src/routes/(app)/onboarding/+page.svelte
9:36:57 PM [vite] (client) hmr update /src/lib/app.css
9:36:57 PM [vite] (ssr) page reload src/routes/(app)/onboarding/+page.svelte
9:37:09 PM [vite] (client) hmr update /src/routes/(app)/onboarding/+page.svelte, /src/lib/app.css
9:37:09 PM [vite] (ssr) page reload src/routes/(app)/onboarding/+page.svelte

[1;31m[404] GET /favicon.ico[0m
